<?xml version="1.0" encoding="UTF-8"?>
<!-- Generated by org.testng.reporters.JUnitXMLReporter -->
<testsuite ignored="0" hostname="NBBWSD9G3" failures="0" tests="4" name="HotelBookingTest" time="29.171" errors="0" timestamp="2021-11-12T12:48:22 SAST">
  <testcase classname="com.ee.qa.test.HotelBookingFormPageTest" name="verifyTitleTest" time="3.03"/>
  <testcase classname="com.ee.qa.test.HotelBookingFormPageTest" name="verifyHBFormLabelTest" time="1.045"/>
  <testcase classname="com.ee.qa.test.HotelBookingFormPageTest" name="createAbookingTest" time="4.501"/>
  <testcase classname="com.ee.qa.test.HotelBookingFormPageTest" name="deleteAbookingTest" time="2.1"/>
</testsuite> <!-- HotelBookingTest -->
