<?xml version="1.0" encoding="UTF-8"?>
<!-- Generated by org.testng.reporters.JUnitXMLReporter -->
<testsuite ignored="0" hostname="NBBWSD9G3" failures="0" tests="4" name="Default test" time="28.991" errors="0" timestamp="2021-11-12T12:46:24 SAST">
  <testcase classname="com.ee.qa.test.HotelBookingFormPageTest" name="verifyTitleTest" time="3.026"/>
  <testcase classname="com.ee.qa.test.HotelBookingFormPageTest" name="verifyHBFormLabelTest" time="1.046"/>
  <testcase classname="com.ee.qa.test.HotelBookingFormPageTest" name="createAbookingTest" time="4.523"/>
  <testcase classname="com.ee.qa.test.HotelBookingFormPageTest" name="deleteAbookingTest" time="2.075"/>
</testsuite> <!-- Default test -->
